<?xml version="1.0" encoding="utf-8" standalone="no"?>
<!--This file represents the results of running a test suite-->
<test-results name="C:\Users\Me\Documents\Visual Studio 2010\Projects\MutationTesting\MutationTesting\bin\Debug\MutationTesting.exe" total="6" errors="0" failures="0" not-run="0" inconclusive="0" ignored="0" skipped="0" invalid="0" date="2013-05-08" time="13:18:10">
  <environment nunit-version="2.6.2.12296" clr-version="2.0.50727.5466" os-version="Microsoft Windows NT 6.1.7601 Service Pack 1" platform="Win32NT" cwd="C:\Program Files (x86)\NUnit 2.6.2\bin" machine-name="ME-PC" user="Me" user-domain="Me-PC" />
  <culture-info current-culture="en-US" current-uiculture="en-US" />
  <test-suite type="Assembly" name="C:\Users\Me\Documents\Visual Studio 2010\Projects\MutationTesting\MutationTesting\bin\Debug\MutationTesting.exe" executed="True" result="Success" success="True" time="81.477" asserts="0">
    <results>
      <test-suite type="Namespace" name="MutationTesting" executed="True" result="Success" success="True" time="81.449" asserts="0">
        <results>
          <test-suite type="Namespace" name="tests" executed="True" result="Success" success="True" time="81.445" asserts="0">
            <results>
              <test-suite type="TestFixture" name="TestSuite" executed="True" result="Success" success="True" time="81.438" asserts="0">
                <results>
                  <test-case name="MutationTesting.tests.TestSuite.TestCase4" executed="True" result="Success" success="True" time="0.051" asserts="1" />
                  <test-case name="MutationTesting.tests.TestSuite.TestCase5" executed="True" result="Success" success="True" time="0.001" asserts="1" />
                  <test-case name="MutationTesting.tests.TestSuite.TestCase6" executed="True" result="Success" success="True" time="0.001" asserts="1" />
                  <test-case name="MutationTesting.tests.TestSuite.TestCase7" executed="True" result="Success" success="True" time="0.001" asserts="1" />
                  <test-case name="MutationTesting.tests.TestSuite.TestCase8" executed="True" result="Success" success="True" time="0.001" asserts="1" />
                  <test-case name="MutationTesting.tests.TestSuite.TestCase9" executed="True" result="Success" success="True" time="81.258" asserts="0" />
                </results>
              </test-suite>
            </results>
          </test-suite>
        </results>
      </test-suite>
    </results>
  </test-suite>
</test-results>